Arguments: 
  C:\Program Files\nodejs\node.exe C:\Users\utilisateur\AppData\Roaming\npm\node_modules\yarn\bin\yarn.js add styled-components

PATH: 
  C:\Program Files (x86)\Common Files\Oracle\Java\javapath;C:\WINDOWS\system32;C:\WINDOWS;C:\WINDOWS\System32\Wbem;C:\WINDOWS\System32\WindowsPowerShell\v1.0\;C:\WINDOWS\System32\OpenSSH\;C:\Program Files\Git\cmd;C:\Program Files\nodejs\;C:\Users\utilisateur\AppData\Local\Microsoft\WindowsApps;;C:\Users\utilisateur\AppData\Local\Programs\Microsoft VS Code\bin;C:\Users\utilisateur\AppData\Roaming\npm

Yarn version: 
  1.22.19

Node version: 
  16.15.1

Platform: 
  win32 x64

Trace: 
  Error: EPERM: operation not permitted, unlink 'C:\Users\utilisateur\Documents\Formation_Dev_WEb_OC\Projet\Projet_7\node_modules\bcrypt\lib\binding\napi-v3\bcrypt_lib.node'

npm manifest: 
  {
      "name": "projet_7",
      "version": "1.0.0",
      "description": "",
      "main": "index.js",
      "scripts": {
          "start": "nodemon server.js"
      },
      "keywords": [],
      "author": "",
      "license": "ISC",
      "dependencies": {
          "bcrypt": "^5.0.1",
          "dotenv": "^16.0.1",
          "express": "^4.18.1",
          "jsonwebtoken": "^8.5.1",
          "mongoose": "^6.5.0",
          "mongoose-unique-validator": "^3.1.0",
          "multer": "^1.4.5-lts.1",
          "nodemon": "^2.0.19",
          "react-router-dom": "^6.3.0"
      }
  }

yarn manifest: 
  No manifest

Lockfile: 
  No lockfile
